<?xml version="1.0" encoding="UTF-8"?>
<testsuite xmlns:xsi="http://www.w3.org/2001/XMLSchema-instance" xsi:noNamespaceSchemaLocation="https://maven.apache.org/surefire/maven-surefire-plugin/xsd/surefire-test-report-3.0.xsd" version="3.0" name="com.tradeZen.TradeZenApplicationTests" time="19.453" tests="1" errors="0" skipped="0" failures="0">
  <properties>
[...]
</properties>
  <testcase name="contextLoads" classname="com.tradeZen.TradeZenApplicationTests" time="1.384">
    <system-out><![CDATA[20:17:51.988 [main] INFO org.springframework.test.context.support.AnnotationConfigContextLoaderUtils -- Could not detect default configuration classes for test class [com.tradeZen.TradeZenApplicationTests]: TradeZenApplicationTests does not declare any static, non-private, non-final, nested classes annotated with @Configuration.
20:17:52.327 [main] INFO org.springframework.boot.test.context.SpringBootTestContextBootstrapper -- Found @SpringBootConfiguration com.tradeZen.TradeZenApplication for test class com.tradeZen.TradeZenApplicationTests
20:17:52.851 [main] INFO org.springframework.boot.devtools.restart.RestartApplicationListener -- Restart disabled due to context in which it is running

  .   ____          _            __ _ _
 /\\ / ___'_ __ _ _(_)_ __  __ _ \ \ \ \
( ( )\___ | '_ | '_| | '_ \/ _` | \ \ \ \
 \\/  ___)| |_)| | | | | || (_| |  ) ) ) )
  '  |____| .__|_| |_|_| |_\__, | / / / /
 =========|_|==============|___/=/_/_/_/

 :: Spring Boot ::                (v3.3.3)

2024-09-10T20:17:53.696+05:30  INFO 1852 --- [tradeZen] [           main] com.tradeZen.TradeZenApplicationTests    : Starting TradeZenApplicationTests using Java 17.0.9 with PID 1852 (started by pratik in D:\courses\Project\tradeZen)
2024-09-10T20:17:53.702+05:30  INFO 1852 --- [tradeZen] [           main] com.tradeZen.TradeZenApplicationTests    : No active profile set, falling back to 1 default profile: "default"
2024-09-10T20:17:56.675+05:30  INFO 1852 --- [tradeZen] [           main] .s.d.r.c.RepositoryConfigurationDelegate : Bootstrapping Spring Data JPA repositories in DEFAULT mode.
2024-09-10T20:17:56.870+05:30  INFO 1852 --- [tradeZen] [           main] .s.d.r.c.RepositoryConfigurationDelegate : Finished Spring Data repository scanning in 166 ms. Found 1 JPA repository interface.
2024-09-10T20:17:58.870+05:30  INFO 1852 --- [tradeZen] [           main] o.hibernate.jpa.internal.util.LogHelper  : HHH000204: Processing PersistenceUnitInfo [name: default]
2024-09-10T20:17:59.082+05:30  INFO 1852 --- [tradeZen] [           main] org.hibernate.Version                    : HHH000412: Hibernate ORM core version 6.5.2.Final
2024-09-10T20:17:59.259+05:30  INFO 1852 --- [tradeZen] [           main] o.h.c.internal.RegionFactoryInitiator    : HHH000026: Second-level cache disabled
2024-09-10T20:18:00.575+05:30  INFO 1852 --- [tradeZen] [           main] o.s.o.j.p.SpringPersistenceUnitInfo      : No LoadTimeWeaver setup: ignoring JPA class transformer
2024-09-10T20:18:00.752+05:30  INFO 1852 --- [tradeZen] [           main] com.zaxxer.hikari.HikariDataSource       : HikariPool-1 - Starting...
2024-09-10T20:18:01.939+05:30  INFO 1852 --- [tradeZen] [           main] com.zaxxer.hikari.pool.HikariPool        : HikariPool-1 - Added connection com.mysql.cj.jdbc.ConnectionImpl@7e1d8d41
2024-09-10T20:18:01.949+05:30  INFO 1852 --- [tradeZen] [           main] com.zaxxer.hikari.HikariDataSource       : HikariPool-1 - Start completed.
2024-09-10T20:18:05.791+05:30  INFO 1852 --- [tradeZen] [           main] o.h.e.t.j.p.i.JtaPlatformInitiator       : HHH000489: No JTA platform available (set 'hibernate.transaction.jta.platform' to enable JTA platform integration)
2024-09-10T20:18:05.908+05:30  INFO 1852 --- [tradeZen] [           main] j.LocalContainerEntityManagerFactoryBean : Initialized JPA EntityManagerFactory for persistence unit 'default'
2024-09-10T20:18:07.347+05:30  WARN 1852 --- [tradeZen] [           main] JpaBaseConfiguration$JpaWebConfiguration : spring.jpa.open-in-view is enabled by default. Therefore, database queries may be performed during view rendering. Explicitly configure spring.jpa.open-in-view to disable this warning
2024-09-10T20:18:08.840+05:30  WARN 1852 --- [tradeZen] [           main] .s.s.UserDetailsServiceAutoConfiguration : 

Using generated security password: c541a7d6-8213-43a5-bcf7-ca0cbe5ace61

This generated password is for development use only. Your security configuration must be updated before running your application in production.

2024-09-10T20:18:08.893+05:30  INFO 1852 --- [tradeZen] [           main] r$InitializeUserDetailsManagerConfigurer : Global AuthenticationManager configured with UserDetailsService bean with name inMemoryUserDetailsManager
2024-09-10T20:18:09.488+05:30  INFO 1852 --- [tradeZen] [           main] com.tradeZen.TradeZenApplicationTests    : Started TradeZenApplicationTests in 16.672 seconds (process running for 20.05)
]]></system-out>
  </testcase>
</testsuite>